<?xml version="1.0" encoding="UTF-8"?>
<!-- Generated by org.testng.reporters.JUnitXMLReporter -->
<testsuite ignored="0" hostname="LAPTOP-K7772342" failures="0" tests="4" name="Default test" time="7.875" errors="0" timestamp="2023-04-27T16:09:01 IST">
  <testcase classname="api.test.Usertest2" name="testcaseofCreateuser" time="2.785"/>
  <testcase classname="api.test.Usertest2" name="testcaseofGetuserbyName" time="1.502"/>
  <testcase classname="api.test.Usertest2" name="testcaseofUpdateuserbyName" time="1.291"/>
  <testcase classname="api.test.Usertest2" name="testcaseofDeleteuserbyName" time="1.594"/>
</testsuite> <!-- Default test -->
