<?xml version="1.0" encoding="UTF-8"?>
<!-- Generated by org.testng.reporters.JUnitXMLReporter -->
<testsuite ignored="0" hostname="LAPTOP-K7772342" failures="0" tests="16" name="Test" time="23.427" errors="0" timestamp="2023-04-27T16:10:15 IST">
  <testcase classname="api.test.Usertest" name="testcaseofCreateuser" time="2.986"/>
  <testcase classname="api.test.Usertest" name="testcaseofGetuserbyName" time="1.247"/>
  <testcase classname="api.test.Usertest" name="testcaseofUpdateuserbyName" time="2.469"/>
  <testcase classname="api.test.Usertest" name="testcaseofDeleteuserbyName" time="1.017"/>
  <testcase classname="api.test.Usertest2" name="testcaseofCreateuser" time="1.081"/>
  <testcase classname="api.test.Usertest2" name="testcaseofGetuserbyName" time="1.086"/>
  <testcase classname="api.test.Usertest2" name="testcaseofUpdateuserbyName" time="1.025"/>
  <testcase classname="api.test.Usertest2" name="testcaseofDeleteuserbyName" time="1.715"/>
  <testcase classname="api.test.SchemaValidation" name="testcaseofCreateuser" time="1.071"/>
  <testcase classname="api.test.SchemaValidation" name="testcaseofGetuserbyName" time="1.024"/>
  <testcase classname="api.test.DDTests" name="testUserExcel" time="1.504"/>
  <testcase classname="api.test.DDTests" name="testUserExcel" time="1.114"/>
  <testcase classname="api.test.DDTests" name="testUserExcel" time="1.071"/>
  <testcase classname="api.test.DDTests" name="testuserExcelDelete" time="1.041"/>
  <testcase classname="api.test.DDTests" name="testuserExcelDelete" time="1.012"/>
  <testcase classname="api.test.DDTests" name="testuserExcelDelete" time="1.048"/>
</testsuite> <!-- Test -->
