<?xml version="1.0" encoding="UTF-8"?>
<!-- Generated by org.testng.reporters.JUnitXMLReporter -->
<testsuite ignored="0" hostname="LAPTOP-K7772342" failures="0" tests="16" name="Test" time="26.955" errors="0" timestamp="2023-05-04T14:11:53 IST">
  <testcase classname="api.test.Usertest" name="testcaseofCreateuser" time="2.889"/>
  <testcase classname="api.test.Usertest" name="testcaseofGetuserbyName" time="1.545"/>
  <testcase classname="api.test.Usertest" name="testcaseofUpdateuserbyName" time="1.272"/>
  <testcase classname="api.test.Usertest" name="testcaseofDeleteuserbyName" time="1.329"/>
  <testcase classname="api.test.Usertest2" name="testcaseofCreateuser" time="1.278"/>
  <testcase classname="api.test.Usertest2" name="testcaseofGetuserbyName" time="1.269"/>
  <testcase classname="api.test.Usertest2" name="testcaseofUpdateuserbyName" time="1.755"/>
  <testcase classname="api.test.Usertest2" name="testcaseofDeleteuserbyName" time="1.26"/>
  <testcase classname="api.test.SchemaValidation" name="testcaseofCreateuser" time="1.566"/>
  <testcase classname="api.test.SchemaValidation" name="testcaseofGetuserbyName" time="1.224"/>
  <testcase classname="api.test.DDTests" name="testUserExcel" time="1.254"/>
  <testcase classname="api.test.DDTests" name="testUserExcel" time="1.298"/>
  <testcase classname="api.test.DDTests" name="testUserExcel" time="1.241"/>
  <testcase classname="api.test.DDTests" name="testuserExcelDelete" time="3.082"/>
  <testcase classname="api.test.DDTests" name="testuserExcelDelete" time="1.248"/>
  <testcase classname="api.test.DDTests" name="testuserExcelDelete" time="1.242"/>
</testsuite> <!-- Test -->
