<?xml version="1.0" encoding="UTF-8"?>
<testng-results ignored="0" total="16" passed="16" failed="0" skipped="0">
  <reporter-output>
  </reporter-output>
  <suite started-at="2023-05-04T14:11:26 IST" name="Suite" finished-at="2023-05-04T14:11:53 IST" duration-ms="26955">
    <groups>
    </groups>
    <test started-at="2023-05-04T14:11:26 IST" name="Test" finished-at="2023-05-04T14:11:53 IST" duration-ms="26955">
      <class name="api.test.SchemaValidation">
        <test-method is-config="true" signature="setup()[pri:0, instance:api.test.SchemaValidation@1dde4cb2]" started-at="2023-05-04T14:11:40 IST" name="setup" finished-at="2023-05-04T14:11:40 IST" duration-ms="16" status="PASS">
          <reporter-output>
          </reporter-output>
        </test-method> <!-- setup -->
        <test-method signature="testcaseofCreateuser()[pri:1, instance:api.test.SchemaValidation@1dde4cb2]" started-at="2023-05-04T14:11:40 IST" name="testcaseofCreateuser" finished-at="2023-05-04T14:11:41 IST" duration-ms="1566" status="PASS">
          <reporter-output>
          </reporter-output>
        </test-method> <!-- testcaseofCreateuser -->
        <test-method signature="testcaseofGetuserbyName()[pri:2, instance:api.test.SchemaValidation@1dde4cb2]" started-at="2023-05-04T14:11:41 IST" name="testcaseofGetuserbyName" finished-at="2023-05-04T14:11:43 IST" duration-ms="1224" status="PASS">
          <reporter-output>
          </reporter-output>
        </test-method> <!-- testcaseofGetuserbyName -->
      </class> <!-- api.test.SchemaValidation -->
      <class name="api.test.Usertest2">
        <test-method is-config="true" signature="setup()[pri:0, instance:api.test.Usertest2@3835c46]" started-at="2023-05-04T14:11:34 IST" name="setup" finished-at="2023-05-04T14:11:34 IST" duration-ms="49" status="PASS">
          <reporter-output>
          </reporter-output>
        </test-method> <!-- setup -->
        <test-method signature="testcaseofCreateuser()[pri:1, instance:api.test.Usertest2@3835c46]" started-at="2023-05-04T14:11:34 IST" name="testcaseofCreateuser" finished-at="2023-05-04T14:11:35 IST" duration-ms="1278" status="PASS">
          <reporter-output>
          </reporter-output>
        </test-method> <!-- testcaseofCreateuser -->
        <test-method signature="testcaseofGetuserbyName()[pri:2, instance:api.test.Usertest2@3835c46]" started-at="2023-05-04T14:11:35 IST" name="testcaseofGetuserbyName" finished-at="2023-05-04T14:11:37 IST" duration-ms="1269" status="PASS">
          <reporter-output>
          </reporter-output>
        </test-method> <!-- testcaseofGetuserbyName -->
        <test-method signature="testcaseofUpdateuserbyName()[pri:3, instance:api.test.Usertest2@3835c46]" started-at="2023-05-04T14:11:37 IST" name="testcaseofUpdateuserbyName" finished-at="2023-05-04T14:11:38 IST" duration-ms="1755" status="PASS">
          <reporter-output>
          </reporter-output>
        </test-method> <!-- testcaseofUpdateuserbyName -->
        <test-method signature="testcaseofDeleteuserbyName()[pri:4, instance:api.test.Usertest2@3835c46]" started-at="2023-05-04T14:11:38 IST" name="testcaseofDeleteuserbyName" finished-at="2023-05-04T14:11:40 IST" duration-ms="1260" status="PASS">
          <reporter-output>
          </reporter-output>
        </test-method> <!-- testcaseofDeleteuserbyName -->
      </class> <!-- api.test.Usertest2 -->
      <class name="api.test.Usertest">
        <test-method is-config="true" signature="setup()[pri:0, instance:api.test.Usertest@50eac852]" started-at="2023-05-04T14:11:26 IST" name="setup" finished-at="2023-05-04T14:11:27 IST" duration-ms="704" status="PASS">
          <reporter-output>
          </reporter-output>
        </test-method> <!-- setup -->
        <test-method signature="testcaseofCreateuser()[pri:1, instance:api.test.Usertest@50eac852]" started-at="2023-05-04T14:11:27 IST" name="testcaseofCreateuser" finished-at="2023-05-04T14:11:30 IST" duration-ms="2889" status="PASS">
          <reporter-output>
          </reporter-output>
        </test-method> <!-- testcaseofCreateuser -->
        <test-method signature="testcaseofGetuserbyName()[pri:2, instance:api.test.Usertest@50eac852]" started-at="2023-05-04T14:11:30 IST" name="testcaseofGetuserbyName" finished-at="2023-05-04T14:11:31 IST" duration-ms="1545" status="PASS">
          <reporter-output>
          </reporter-output>
        </test-method> <!-- testcaseofGetuserbyName -->
        <test-method signature="testcaseofUpdateuserbyName()[pri:3, instance:api.test.Usertest@50eac852]" started-at="2023-05-04T14:11:31 IST" name="testcaseofUpdateuserbyName" finished-at="2023-05-04T14:11:33 IST" duration-ms="1272" status="PASS">
          <reporter-output>
          </reporter-output>
        </test-method> <!-- testcaseofUpdateuserbyName -->
        <test-method signature="testcaseofDeleteuserbyName()[pri:4, instance:api.test.Usertest@50eac852]" started-at="2023-05-04T14:11:33 IST" name="testcaseofDeleteuserbyName" finished-at="2023-05-04T14:11:34 IST" duration-ms="1329" status="PASS">
          <reporter-output>
          </reporter-output>
        </test-method> <!-- testcaseofDeleteuserbyName -->
      </class> <!-- api.test.Usertest -->
      <class name="api.test.DDTests">
        <test-method signature="testUserExcel(java.lang.String,java.lang.String,java.lang.String,java.lang.String,java.lang.String,java.lang.String,java.lang.String)[pri:1, instance:api.test.DDTests@7714e963]" started-at="2023-05-04T14:11:43 IST" name="testUserExcel" data-provider="Data" finished-at="2023-05-04T14:11:45 IST" duration-ms="1254" status="PASS">
          <params>
            <param index="0">
              <value>
                <![CDATA[1010]]>
              </value>
            </param>
            <param index="1">
              <value>
                <![CDATA[testuser1]]>
              </value>
            </param>
            <param index="2">
              <value>
                <![CDATA[John]]>
              </value>
            </param>
            <param index="3">
              <value>
                <![CDATA[Sharma]]>
              </value>
            </param>
            <param index="4">
              <value>
                <![CDATA[a@gmail.com]]>
              </value>
            </param>
            <param index="5">
              <value>
                <![CDATA[test@123]]>
              </value>
            </param>
            <param index="6">
              <value>
                <![CDATA[1234567890]]>
              </value>
            </param>
          </params>
          <reporter-output>
          </reporter-output>
        </test-method> <!-- testUserExcel -->
        <test-method signature="testUserExcel(java.lang.String,java.lang.String,java.lang.String,java.lang.String,java.lang.String,java.lang.String,java.lang.String)[pri:1, instance:api.test.DDTests@7714e963]" started-at="2023-05-04T14:11:45 IST" name="testUserExcel" data-provider="Data" finished-at="2023-05-04T14:11:46 IST" duration-ms="1298" status="PASS">
          <params>
            <param index="0">
              <value>
                <![CDATA[1011]]>
              </value>
            </param>
            <param index="1">
              <value>
                <![CDATA[testuser2]]>
              </value>
            </param>
            <param index="2">
              <value>
                <![CDATA[Jimmy]]>
              </value>
            </param>
            <param index="3">
              <value>
                <![CDATA[Gupta]]>
              </value>
            </param>
            <param index="4">
              <value>
                <![CDATA[ba@gmail.com]]>
              </value>
            </param>
            <param index="5">
              <value>
                <![CDATA[test@124]]>
              </value>
            </param>
            <param index="6">
              <value>
                <![CDATA[1234567892]]>
              </value>
            </param>
          </params>
          <reporter-output>
          </reporter-output>
        </test-method> <!-- testUserExcel -->
        <test-method signature="testUserExcel(java.lang.String,java.lang.String,java.lang.String,java.lang.String,java.lang.String,java.lang.String,java.lang.String)[pri:1, instance:api.test.DDTests@7714e963]" started-at="2023-05-04T14:11:46 IST" name="testUserExcel" data-provider="Data" finished-at="2023-05-04T14:11:47 IST" duration-ms="1241" status="PASS">
          <params>
            <param index="0">
              <value>
                <![CDATA[1012]]>
              </value>
            </param>
            <param index="1">
              <value>
                <![CDATA[testuser3]]>
              </value>
            </param>
            <param index="2">
              <value>
                <![CDATA[Juile]]>
              </value>
            </param>
            <param index="3">
              <value>
                <![CDATA[Yadav]]>
              </value>
            </param>
            <param index="4">
              <value>
                <![CDATA[va@gmail.com]]>
              </value>
            </param>
            <param index="5">
              <value>
                <![CDATA[test@125]]>
              </value>
            </param>
            <param index="6">
              <value>
                <![CDATA[1234567899]]>
              </value>
            </param>
          </params>
          <reporter-output>
          </reporter-output>
        </test-method> <!-- testUserExcel -->
        <test-method signature="testuserExcelDelete(java.lang.String)[pri:2, instance:api.test.DDTests@7714e963]" started-at="2023-05-04T14:11:47 IST" name="testuserExcelDelete" data-provider="UserNames" finished-at="2023-05-04T14:11:50 IST" duration-ms="3082" status="PASS">
          <params>
            <param index="0">
              <value>
                <![CDATA[testuser1]]>
              </value>
            </param>
          </params>
          <reporter-output>
          </reporter-output>
        </test-method> <!-- testuserExcelDelete -->
        <test-method signature="testuserExcelDelete(java.lang.String)[pri:2, instance:api.test.DDTests@7714e963]" started-at="2023-05-04T14:11:50 IST" name="testuserExcelDelete" data-provider="UserNames" finished-at="2023-05-04T14:11:52 IST" duration-ms="1248" status="PASS">
          <params>
            <param index="0">
              <value>
                <![CDATA[testuser2]]>
              </value>
            </param>
          </params>
          <reporter-output>
          </reporter-output>
        </test-method> <!-- testuserExcelDelete -->
        <test-method signature="testuserExcelDelete(java.lang.String)[pri:2, instance:api.test.DDTests@7714e963]" started-at="2023-05-04T14:11:52 IST" name="testuserExcelDelete" data-provider="UserNames" finished-at="2023-05-04T14:11:53 IST" duration-ms="1242" status="PASS">
          <params>
            <param index="0">
              <value>
                <![CDATA[testuser3]]>
              </value>
            </param>
          </params>
          <reporter-output>
          </reporter-output>
        </test-method> <!-- testuserExcelDelete -->
      </class> <!-- api.test.DDTests -->
    </test> <!-- Test -->
  </suite> <!-- Suite -->
</testng-results>
