<?xml version="1.0" encoding="UTF-8"?>
<testng-results ignored="0" total="16" passed="16" failed="0" skipped="0">
  <reporter-output>
  </reporter-output>
  <suite started-at="2023-04-27T16:09:51 IST" name="Suite" finished-at="2023-04-27T16:10:15 IST" duration-ms="23427">
    <groups>
    </groups>
    <test started-at="2023-04-27T16:09:51 IST" name="Test" finished-at="2023-04-27T16:10:15 IST" duration-ms="23427">
      <class name="api.test.SchemaValidation">
        <test-method is-config="true" signature="setup()[pri:0, instance:api.test.SchemaValidation@3f6f6701]" started-at="2023-04-27T16:10:05 IST" name="setup" finished-at="2023-04-27T16:10:05 IST" duration-ms="42" status="PASS">
          <reporter-output>
          </reporter-output>
        </test-method> <!-- setup -->
        <test-method signature="testcaseofCreateuser()[pri:1, instance:api.test.SchemaValidation@3f6f6701]" started-at="2023-04-27T16:10:05 IST" name="testcaseofCreateuser" finished-at="2023-04-27T16:10:06 IST" duration-ms="1071" status="PASS">
          <reporter-output>
          </reporter-output>
        </test-method> <!-- testcaseofCreateuser -->
        <test-method signature="testcaseofGetuserbyName()[pri:2, instance:api.test.SchemaValidation@3f6f6701]" started-at="2023-04-27T16:10:06 IST" name="testcaseofGetuserbyName" finished-at="2023-04-27T16:10:07 IST" duration-ms="1024" status="PASS">
          <reporter-output>
          </reporter-output>
        </test-method> <!-- testcaseofGetuserbyName -->
      </class> <!-- api.test.SchemaValidation -->
      <class name="api.test.Usertest2">
        <test-method is-config="true" signature="setup()[pri:0, instance:api.test.Usertest2@242b836]" started-at="2023-04-27T16:10:00 IST" name="setup" finished-at="2023-04-27T16:10:00 IST" duration-ms="43" status="PASS">
          <reporter-output>
          </reporter-output>
        </test-method> <!-- setup -->
        <test-method signature="testcaseofCreateuser()[pri:1, instance:api.test.Usertest2@242b836]" started-at="2023-04-27T16:10:00 IST" name="testcaseofCreateuser" finished-at="2023-04-27T16:10:01 IST" duration-ms="1081" status="PASS">
          <reporter-output>
          </reporter-output>
        </test-method> <!-- testcaseofCreateuser -->
        <test-method signature="testcaseofGetuserbyName()[pri:2, instance:api.test.Usertest2@242b836]" started-at="2023-04-27T16:10:01 IST" name="testcaseofGetuserbyName" finished-at="2023-04-27T16:10:02 IST" duration-ms="1086" status="PASS">
          <reporter-output>
          </reporter-output>
        </test-method> <!-- testcaseofGetuserbyName -->
        <test-method signature="testcaseofUpdateuserbyName()[pri:3, instance:api.test.Usertest2@242b836]" started-at="2023-04-27T16:10:02 IST" name="testcaseofUpdateuserbyName" finished-at="2023-04-27T16:10:03 IST" duration-ms="1025" status="PASS">
          <reporter-output>
          </reporter-output>
        </test-method> <!-- testcaseofUpdateuserbyName -->
        <test-method signature="testcaseofDeleteuserbyName()[pri:4, instance:api.test.Usertest2@242b836]" started-at="2023-04-27T16:10:03 IST" name="testcaseofDeleteuserbyName" finished-at="2023-04-27T16:10:05 IST" duration-ms="1715" status="PASS">
          <reporter-output>
          </reporter-output>
        </test-method> <!-- testcaseofDeleteuserbyName -->
      </class> <!-- api.test.Usertest2 -->
      <class name="api.test.Usertest">
        <test-method is-config="true" signature="setup()[pri:0, instance:api.test.Usertest@53aac487]" started-at="2023-04-27T16:09:52 IST" name="setup" finished-at="2023-04-27T16:09:52 IST" duration-ms="517" status="PASS">
          <reporter-output>
          </reporter-output>
        </test-method> <!-- setup -->
        <test-method signature="testcaseofCreateuser()[pri:1, instance:api.test.Usertest@53aac487]" started-at="2023-04-27T16:09:52 IST" name="testcaseofCreateuser" finished-at="2023-04-27T16:09:55 IST" duration-ms="2986" status="PASS">
          <reporter-output>
          </reporter-output>
        </test-method> <!-- testcaseofCreateuser -->
        <test-method signature="testcaseofGetuserbyName()[pri:2, instance:api.test.Usertest@53aac487]" started-at="2023-04-27T16:09:55 IST" name="testcaseofGetuserbyName" finished-at="2023-04-27T16:09:56 IST" duration-ms="1247" status="PASS">
          <reporter-output>
          </reporter-output>
        </test-method> <!-- testcaseofGetuserbyName -->
        <test-method signature="testcaseofUpdateuserbyName()[pri:3, instance:api.test.Usertest@53aac487]" started-at="2023-04-27T16:09:56 IST" name="testcaseofUpdateuserbyName" finished-at="2023-04-27T16:09:59 IST" duration-ms="2469" status="PASS">
          <reporter-output>
          </reporter-output>
        </test-method> <!-- testcaseofUpdateuserbyName -->
        <test-method signature="testcaseofDeleteuserbyName()[pri:4, instance:api.test.Usertest@53aac487]" started-at="2023-04-27T16:09:59 IST" name="testcaseofDeleteuserbyName" finished-at="2023-04-27T16:10:00 IST" duration-ms="1017" status="PASS">
          <reporter-output>
          </reporter-output>
        </test-method> <!-- testcaseofDeleteuserbyName -->
      </class> <!-- api.test.Usertest -->
      <class name="api.test.DDTests">
        <test-method signature="testUserExcel(java.lang.String,java.lang.String,java.lang.String,java.lang.String,java.lang.String,java.lang.String,java.lang.String)[pri:1, instance:api.test.DDTests@3527942a]" started-at="2023-04-27T16:10:08 IST" name="testUserExcel" data-provider="Data" finished-at="2023-04-27T16:10:10 IST" duration-ms="1504" status="PASS">
          <params>
            <param index="0">
              <value>
                <![CDATA[1010]]>
              </value>
            </param>
            <param index="1">
              <value>
                <![CDATA[testuser1]]>
              </value>
            </param>
            <param index="2">
              <value>
                <![CDATA[John]]>
              </value>
            </param>
            <param index="3">
              <value>
                <![CDATA[Sharma]]>
              </value>
            </param>
            <param index="4">
              <value>
                <![CDATA[a@gmail.com]]>
              </value>
            </param>
            <param index="5">
              <value>
                <![CDATA[test@123]]>
              </value>
            </param>
            <param index="6">
              <value>
                <![CDATA[1234567890]]>
              </value>
            </param>
          </params>
          <reporter-output>
          </reporter-output>
        </test-method> <!-- testUserExcel -->
        <test-method signature="testUserExcel(java.lang.String,java.lang.String,java.lang.String,java.lang.String,java.lang.String,java.lang.String,java.lang.String)[pri:1, instance:api.test.DDTests@3527942a]" started-at="2023-04-27T16:10:10 IST" name="testUserExcel" data-provider="Data" finished-at="2023-04-27T16:10:11 IST" duration-ms="1114" status="PASS">
          <params>
            <param index="0">
              <value>
                <![CDATA[1011]]>
              </value>
            </param>
            <param index="1">
              <value>
                <![CDATA[testuser2]]>
              </value>
            </param>
            <param index="2">
              <value>
                <![CDATA[Jimmy]]>
              </value>
            </param>
            <param index="3">
              <value>
                <![CDATA[Gupta]]>
              </value>
            </param>
            <param index="4">
              <value>
                <![CDATA[ba@gmail.com]]>
              </value>
            </param>
            <param index="5">
              <value>
                <![CDATA[test@124]]>
              </value>
            </param>
            <param index="6">
              <value>
                <![CDATA[1234567892]]>
              </value>
            </param>
          </params>
          <reporter-output>
          </reporter-output>
        </test-method> <!-- testUserExcel -->
        <test-method signature="testUserExcel(java.lang.String,java.lang.String,java.lang.String,java.lang.String,java.lang.String,java.lang.String,java.lang.String)[pri:1, instance:api.test.DDTests@3527942a]" started-at="2023-04-27T16:10:11 IST" name="testUserExcel" data-provider="Data" finished-at="2023-04-27T16:10:12 IST" duration-ms="1071" status="PASS">
          <params>
            <param index="0">
              <value>
                <![CDATA[1012]]>
              </value>
            </param>
            <param index="1">
              <value>
                <![CDATA[testuser3]]>
              </value>
            </param>
            <param index="2">
              <value>
                <![CDATA[Juile]]>
              </value>
            </param>
            <param index="3">
              <value>
                <![CDATA[Yadav]]>
              </value>
            </param>
            <param index="4">
              <value>
                <![CDATA[va@gmail.com]]>
              </value>
            </param>
            <param index="5">
              <value>
                <![CDATA[test@125]]>
              </value>
            </param>
            <param index="6">
              <value>
                <![CDATA[1234567899]]>
              </value>
            </param>
          </params>
          <reporter-output>
          </reporter-output>
        </test-method> <!-- testUserExcel -->
        <test-method signature="testuserExcelDelete(java.lang.String)[pri:2, instance:api.test.DDTests@3527942a]" started-at="2023-04-27T16:10:12 IST" name="testuserExcelDelete" data-provider="UserNames" finished-at="2023-04-27T16:10:13 IST" duration-ms="1041" status="PASS">
          <params>
            <param index="0">
              <value>
                <![CDATA[testuser1]]>
              </value>
            </param>
          </params>
          <reporter-output>
          </reporter-output>
        </test-method> <!-- testuserExcelDelete -->
        <test-method signature="testuserExcelDelete(java.lang.String)[pri:2, instance:api.test.DDTests@3527942a]" started-at="2023-04-27T16:10:13 IST" name="testuserExcelDelete" data-provider="UserNames" finished-at="2023-04-27T16:10:14 IST" duration-ms="1012" status="PASS">
          <params>
            <param index="0">
              <value>
                <![CDATA[testuser2]]>
              </value>
            </param>
          </params>
          <reporter-output>
          </reporter-output>
        </test-method> <!-- testuserExcelDelete -->
        <test-method signature="testuserExcelDelete(java.lang.String)[pri:2, instance:api.test.DDTests@3527942a]" started-at="2023-04-27T16:10:14 IST" name="testuserExcelDelete" data-provider="UserNames" finished-at="2023-04-27T16:10:15 IST" duration-ms="1048" status="PASS">
          <params>
            <param index="0">
              <value>
                <![CDATA[testuser3]]>
              </value>
            </param>
          </params>
          <reporter-output>
          </reporter-output>
        </test-method> <!-- testuserExcelDelete -->
      </class> <!-- api.test.DDTests -->
    </test> <!-- Test -->
  </suite> <!-- Suite -->
</testng-results>
